<?xml version="1.0" encoding="UTF-8"?>
<!-- Generated by org.testng.reporters.JUnitReportReporter -->
<testsuite hostname="Venu" failures="0" tests="1" name="com.rgt.runner.WebTest" time="57.881" errors="0" timestamp="2023-09-22T11:14:48 IST" skipped="0">
  <testcase classname="com.rgt.runner.WebTest" name="runner" time="57.881"/>
</testsuite> <!-- com.rgt.runner.WebTest -->
